0 info it worked if it ends with ok
1 verbose cli [ 'C:\\Program Files\\nodejs\\\\node.exe',
1 verbose cli   'C:\\Program Files\\nodejs\\node_modules\\npm\\bin\\npm-cli.js',
1 verbose cli   'publish' ]
2 info using npm@1.3.2
3 info using node@v0.10.13
4 verbose node symlink C:\Program Files\nodejs\\node.exe
5 verbose publish [ '.' ]
6 verbose cache add [ '.', null ]
7 verbose cache add name=undefined spec="." args=[".",null]
8 verbose parsed url { protocol: null,
8 verbose parsed url   slashes: null,
8 verbose parsed url   auth: null,
8 verbose parsed url   host: null,
8 verbose parsed url   port: null,
8 verbose parsed url   hostname: null,
8 verbose parsed url   hash: null,
8 verbose parsed url   search: null,
8 verbose parsed url   query: null,
8 verbose parsed url   pathname: '.',
8 verbose parsed url   path: '.',
8 verbose parsed url   href: '.' }
9 silly lockFile 3a52ce78- .
10 verbose lock . C:\Users\UHAKEJO\AppData\Roaming\npm-cache\3a52ce78-.lock
11 verbose tar pack [ 'C:\\Users\\UHAKEJO\\AppData\\Local\\Temp\\npm-4596\\1389632805140-0.9276644038036466\\tmp.tgz',
11 verbose tar pack   '.' ]
12 verbose tarball C:\Users\UHAKEJO\AppData\Local\Temp\npm-4596\1389632805140-0.9276644038036466\tmp.tgz
13 verbose folder .
14 info prepublish msbuild@0.0.9
15 silly lockFile 1f1177db-tar tar://.
16 verbose lock tar://. C:\Users\UHAKEJO\AppData\Roaming\npm-cache\1f1177db-tar.lock
17 silly lockFile c39837c7-05140-0-9276644038036466-tmp-tgz tar://C:\Users\UHAKEJO\AppData\Local\Temp\npm-4596\1389632805140-0.9276644038036466\tmp.tgz
18 verbose lock tar://C:\Users\UHAKEJO\AppData\Local\Temp\npm-4596\1389632805140-0.9276644038036466\tmp.tgz C:\Users\UHAKEJO\AppData\Roaming\npm-cache\c39837c7-05140-0-9276644038036466-tmp-tgz.lock
19 silly lockFile 1f1177db-tar tar://.
20 silly lockFile 1f1177db-tar tar://.
21 silly lockFile c39837c7-05140-0-9276644038036466-tmp-tgz tar://C:\Users\UHAKEJO\AppData\Local\Temp\npm-4596\1389632805140-0.9276644038036466\tmp.tgz
22 silly lockFile c39837c7-05140-0-9276644038036466-tmp-tgz tar://C:\Users\UHAKEJO\AppData\Local\Temp\npm-4596\1389632805140-0.9276644038036466\tmp.tgz
23 verbose tar unpack C:\Users\UHAKEJO\AppData\Local\Temp\npm-4596\1389632805140-0.9276644038036466\tmp.tgz
24 silly lockFile e44ec043-05140-0-9276644038036466-package tar://C:\Users\UHAKEJO\AppData\Local\Temp\npm-4596\1389632805140-0.9276644038036466\package
25 verbose lock tar://C:\Users\UHAKEJO\AppData\Local\Temp\npm-4596\1389632805140-0.9276644038036466\package C:\Users\UHAKEJO\AppData\Roaming\npm-cache\e44ec043-05140-0-9276644038036466-package.lock
26 silly lockFile c39837c7-05140-0-9276644038036466-tmp-tgz tar://C:\Users\UHAKEJO\AppData\Local\Temp\npm-4596\1389632805140-0.9276644038036466\tmp.tgz
27 verbose lock tar://C:\Users\UHAKEJO\AppData\Local\Temp\npm-4596\1389632805140-0.9276644038036466\tmp.tgz C:\Users\UHAKEJO\AppData\Roaming\npm-cache\c39837c7-05140-0-9276644038036466-tmp-tgz.lock
28 silly gunzTarPerm modes [ '755', '644' ]
29 silly gunzTarPerm extractEntry package.json
30 silly gunzTarPerm modified mode [ 'package.json', 438, 420 ]
31 silly gunzTarPerm extractEntry README.md
32 silly gunzTarPerm modified mode [ 'README.md', 438, 420 ]
33 silly gunzTarPerm extractEntry msbuild.js
34 silly gunzTarPerm modified mode [ 'msbuild.js', 438, 420 ]
35 silly gunzTarPerm extractEntry examples/01_PublishPreview.js
36 silly gunzTarPerm modified mode [ 'examples/01_PublishPreview.js', 438, 420 ]
37 silly gunzTarPerm extractEntry examples/02_PublishSimple.js
38 silly gunzTarPerm modified mode [ 'examples/02_PublishSimple.js', 438, 420 ]
39 silly gunzTarPerm extractEntry examples/03_PublishOverrides.js
40 silly gunzTarPerm modified mode [ 'examples/03_PublishOverrides.js', 438, 420 ]
41 silly gunzTarPerm extractEntry runtests.bat
42 silly gunzTarPerm modified mode [ 'runtests.bat', 438, 420 ]
43 silly gunzTarPerm extractEntry tests/frameworktests.js
44 silly gunzTarPerm modified mode [ 'tests/frameworktests.js', 438, 420 ]
45 silly gunzTarPerm extractEntry tests/paramtests.js
46 silly gunzTarPerm modified mode [ 'tests/paramtests.js', 438, 420 ]
47 silly lockFile e44ec043-05140-0-9276644038036466-package tar://C:\Users\UHAKEJO\AppData\Local\Temp\npm-4596\1389632805140-0.9276644038036466\package
48 silly lockFile e44ec043-05140-0-9276644038036466-package tar://C:\Users\UHAKEJO\AppData\Local\Temp\npm-4596\1389632805140-0.9276644038036466\package
49 silly lockFile c39837c7-05140-0-9276644038036466-tmp-tgz tar://C:\Users\UHAKEJO\AppData\Local\Temp\npm-4596\1389632805140-0.9276644038036466\tmp.tgz
50 silly lockFile c39837c7-05140-0-9276644038036466-tmp-tgz tar://C:\Users\UHAKEJO\AppData\Local\Temp\npm-4596\1389632805140-0.9276644038036466\tmp.tgz
51 verbose tar pack [ 'C:\\Users\\UHAKEJO\\AppData\\Roaming\\npm-cache\\msbuild\\0.0.9\\package.tgz',
51 verbose tar pack   'C:\\Users\\UHAKEJO\\AppData\\Local\\Temp\\npm-4596\\1389632805140-0.9276644038036466\\package' ]
52 verbose tarball C:\Users\UHAKEJO\AppData\Roaming\npm-cache\msbuild\0.0.9\package.tgz
53 verbose folder C:\Users\UHAKEJO\AppData\Local\Temp\npm-4596\1389632805140-0.9276644038036466\package
54 silly lockFile e44ec043-05140-0-9276644038036466-package tar://C:\Users\UHAKEJO\AppData\Local\Temp\npm-4596\1389632805140-0.9276644038036466\package
55 verbose lock tar://C:\Users\UHAKEJO\AppData\Local\Temp\npm-4596\1389632805140-0.9276644038036466\package C:\Users\UHAKEJO\AppData\Roaming\npm-cache\e44ec043-05140-0-9276644038036466-package.lock
56 silly lockFile 2fcb5cc1--cache-msbuild-0-0-9-package-tgz tar://C:\Users\UHAKEJO\AppData\Roaming\npm-cache\msbuild\0.0.9\package.tgz
57 verbose lock tar://C:\Users\UHAKEJO\AppData\Roaming\npm-cache\msbuild\0.0.9\package.tgz C:\Users\UHAKEJO\AppData\Roaming\npm-cache\2fcb5cc1--cache-msbuild-0-0-9-package-tgz.lock
58 silly lockFile e44ec043-05140-0-9276644038036466-package tar://C:\Users\UHAKEJO\AppData\Local\Temp\npm-4596\1389632805140-0.9276644038036466\package
59 silly lockFile e44ec043-05140-0-9276644038036466-package tar://C:\Users\UHAKEJO\AppData\Local\Temp\npm-4596\1389632805140-0.9276644038036466\package
60 silly lockFile 2fcb5cc1--cache-msbuild-0-0-9-package-tgz tar://C:\Users\UHAKEJO\AppData\Roaming\npm-cache\msbuild\0.0.9\package.tgz
61 silly lockFile 2fcb5cc1--cache-msbuild-0-0-9-package-tgz tar://C:\Users\UHAKEJO\AppData\Roaming\npm-cache\msbuild\0.0.9\package.tgz
62 silly lockFile 599d2078--npm-cache-msbuild-0-0-9-package C:\Users\UHAKEJO\AppData\Roaming\npm-cache\msbuild\0.0.9\package
63 verbose lock C:\Users\UHAKEJO\AppData\Roaming\npm-cache\msbuild\0.0.9\package C:\Users\UHAKEJO\AppData\Roaming\npm-cache\599d2078--npm-cache-msbuild-0-0-9-package.lock
64 silly lockFile 599d2078--npm-cache-msbuild-0-0-9-package C:\Users\UHAKEJO\AppData\Roaming\npm-cache\msbuild\0.0.9\package
65 silly lockFile 599d2078--npm-cache-msbuild-0-0-9-package C:\Users\UHAKEJO\AppData\Roaming\npm-cache\msbuild\0.0.9\package
66 verbose tar unpack C:\Users\UHAKEJO\AppData\Roaming\npm-cache\msbuild\0.0.9\package.tgz
67 silly lockFile 5f5a82fc--npm-cache-msbuild-0-0-9-package tar://C:\Users\UHAKEJO\AppData\Roaming\npm-cache\msbuild\0.0.9\package
68 verbose lock tar://C:\Users\UHAKEJO\AppData\Roaming\npm-cache\msbuild\0.0.9\package C:\Users\UHAKEJO\AppData\Roaming\npm-cache\5f5a82fc--npm-cache-msbuild-0-0-9-package.lock
69 silly lockFile 2fcb5cc1--cache-msbuild-0-0-9-package-tgz tar://C:\Users\UHAKEJO\AppData\Roaming\npm-cache\msbuild\0.0.9\package.tgz
70 verbose lock tar://C:\Users\UHAKEJO\AppData\Roaming\npm-cache\msbuild\0.0.9\package.tgz C:\Users\UHAKEJO\AppData\Roaming\npm-cache\2fcb5cc1--cache-msbuild-0-0-9-package-tgz.lock
71 silly gunzTarPerm modes [ '755', '644' ]
72 silly gunzTarPerm extractEntry package.json
73 silly gunzTarPerm modified mode [ 'package.json', 438, 420 ]
74 silly gunzTarPerm extractEntry README.md
75 silly gunzTarPerm modified mode [ 'README.md', 438, 420 ]
76 silly gunzTarPerm extractEntry msbuild.js
77 silly gunzTarPerm modified mode [ 'msbuild.js', 438, 420 ]
78 silly gunzTarPerm extractEntry examples/01_PublishPreview.js
79 silly gunzTarPerm modified mode [ 'examples/01_PublishPreview.js', 438, 420 ]
80 silly gunzTarPerm extractEntry examples/02_PublishSimple.js
81 silly gunzTarPerm modified mode [ 'examples/02_PublishSimple.js', 438, 420 ]
82 silly gunzTarPerm extractEntry examples/03_PublishOverrides.js
83 silly gunzTarPerm modified mode [ 'examples/03_PublishOverrides.js', 438, 420 ]
84 silly gunzTarPerm extractEntry runtests.bat
85 silly gunzTarPerm modified mode [ 'runtests.bat', 438, 420 ]
86 silly gunzTarPerm extractEntry tests/frameworktests.js
87 silly gunzTarPerm modified mode [ 'tests/frameworktests.js', 438, 420 ]
88 silly gunzTarPerm extractEntry tests/paramtests.js
89 silly gunzTarPerm modified mode [ 'tests/paramtests.js', 438, 420 ]
90 silly lockFile 5f5a82fc--npm-cache-msbuild-0-0-9-package tar://C:\Users\UHAKEJO\AppData\Roaming\npm-cache\msbuild\0.0.9\package
91 silly lockFile 5f5a82fc--npm-cache-msbuild-0-0-9-package tar://C:\Users\UHAKEJO\AppData\Roaming\npm-cache\msbuild\0.0.9\package
92 silly lockFile 2fcb5cc1--cache-msbuild-0-0-9-package-tgz tar://C:\Users\UHAKEJO\AppData\Roaming\npm-cache\msbuild\0.0.9\package.tgz
93 silly lockFile 2fcb5cc1--cache-msbuild-0-0-9-package-tgz tar://C:\Users\UHAKEJO\AppData\Roaming\npm-cache\msbuild\0.0.9\package.tgz
94 verbose chmod C:\Users\UHAKEJO\AppData\Roaming\npm-cache\msbuild\0.0.9\package.tgz 644
95 silly chown skipping for windows C:\Users\UHAKEJO\AppData\Roaming\npm-cache\msbuild\0.0.9\package.tgz
96 silly lockFile 3a52ce78- .
97 silly lockFile 3a52ce78- .
98 silly publish { author: { name: 'jonathan haker' },
98 silly publish   name: 'msbuild',
98 silly publish   description: 'msbuild helpers for .net apps',
98 silly publish   version: '0.0.9',
98 silly publish   repository:
98 silly publish    { type: 'git',
98 silly publish      url: 'https://github.com/jhaker/nodejs-msbuild.git' },
98 silly publish   bugs: { url: 'https://github.com/jhaker/nodejs-msbuild/issues' },
98 silly publish   main: 'msbuild.js',
98 silly publish   dependencies: {},
98 silly publish   devDependencies: { should: '>= 2.0.x', mocha: '~1.14.0', colors: '*', fs: '*' },
98 silly publish   optionalDependencies: {},
98 silly publish   engines: { node: '*' },
98 silly publish   readme: 'msbuild.js\r\n=======\r\n\r\nabout\r\n--------\r\nbasic msbuild operations for node.js\r\n\r\n\r\n\r\ngetting started\r\n----------\r\nview git project for more examples\r\n\r\n\r\n\r\n\r\n\r\nexample - publish\r\n---\r\nvar msbuild = require(\'msbuild\');\r\n\r\nmsbuild.config(\'configuration\',\'myconfiguration\');\r\n\r\nmsbuild.config(\'publishProfile\',\'mypublishProfile\');\r\n\r\nmsbuild.publish();\r\n\r\n\r\n\r\n\r\nexample - how to override exec to preview cmd arguments\r\n---\r\nvar msbuild = require(\'msbuild\');\r\n\r\nmsbuild.config(\'configuration\',\'myconfiguration\');\r\n\r\nmsbuild.config(\'publishProfile\',\'mypublishProfile\');\r\n\r\n// override the exec function to output cmd \r\n\r\nmsbuild.exec  = function(cmd){\r\n\t\r\n\tconsole.log(\'\\nTEST 1: Preview MSBUILD Command\');\r\n\tconsole.log(\'********** test - start ************\');\r\n\tconsole.log(cmd);\r\n\tconsole.log(\'********** test - end  ************\\n\');\r\n}\r\n\r\nmsbuild.publish();\r\n\r\n\r\n\r\n\r\nadditional configuration parameters\r\n---\r\nos\r\n\r\n\tcurrently only support windows\r\n\t\r\nprocessor\r\n\r\n\t\'x86\', \'x64\'\r\n\t\r\nversion\r\n\r\n\ttools version; determines local path to msbuild.exe\r\n\t\r\nsourcePath\r\n\r\n\t\'c:/mypath/mysolution.sln\'   or   \'c:/mypath/myproject.csproj\r\n\t\r\nconfiguration\r\n\r\n\tsolution configurations; targets an environment (debug,release)  \r\n\t\r\npublishProfile\r\n\r\n\tpublish profile; targets a specific machine (app01,app02)\r\n\t\r\noutputPath\r\n\r\n\tpackage deploy path\r\n\t\r\noverrideParams\r\n\r\n\tproperty overrides [\'/p:WarningLevel=2\',\'/p:OutputDir=bin\\Debug\']   \r\n\t\r\n\ttarget overrides  [\'/tv:4.0\']\r\n\r\n\r\n\t\r\n',
98 silly publish   readmeFilename: 'README.md',
98 silly publish   _id: 'msbuild@0.0.9',
98 silly publish   dist: { shasum: '8a268faed135e44e188573bd4520e4a53f368e82' },
98 silly publish   _from: '.' }
99 verbose url raw msbuild
100 verbose url resolving [ 'https://registry.npmjs.org/', './msbuild' ]
101 verbose url resolved https://registry.npmjs.org/msbuild
102 info trying registry request attempt 1 at 11:06:45
103 http PUT https://registry.npmjs.org/msbuild
104 http 409 https://registry.npmjs.org/msbuild
105 verbose url raw msbuild
106 verbose url resolving [ 'https://registry.npmjs.org/', './msbuild' ]
107 verbose url resolved https://registry.npmjs.org/msbuild
108 info trying registry request attempt 1 at 11:06:45
109 http GET https://registry.npmjs.org/msbuild
110 http 200 https://registry.npmjs.org/msbuild
111 error publish fail Cannot publish over existing version.
111 error publish fail Update the 'version' field in package.json and try again.
111 error publish fail
111 error publish fail If the previous version was published in error, see:
111 error publish fail     npm help unpublish
111 error publish fail
111 error publish fail To automatically increment version numbers, see:
111 error publish fail     npm help version
112 error System Windows_NT 6.1.7601
113 error command "C:\\Program Files\\nodejs\\\\node.exe" "C:\\Program Files\\nodejs\\node_modules\\npm\\bin\\npm-cli.js" "publish"
114 error cwd c:\_sandbox\nodejs-msbuild
115 error node -v v0.10.13
116 error npm -v 1.3.2
117 error code EPUBLISHCONFLICT
118 verbose exit [ 1, true ]
